This is pdfTeX, Version 3.141592653-2.6-1.40.25 (TeX Live 2023/Debian) (preloaded format=pdflatex 2025.10.8)  28 OCT 2025 11:54
entering extended mode
 restricted \write18 enabled.
 file:line:error style messages enabled.
 %&-line parsing enabled.
**/home/mint/Documents/latex/main.tex
(/home/mint/Documents/latex/main.tex
LaTeX2e <2023-11-01> patch level 1
L3 programming layer <2024-01-22>
(/usr/share/texlive/texmf-dist/tex/latex/base/report.cls
Document Class: report 2023/05/17 v1.4n Standard LaTeX document class
(/usr/share/texlive/texmf-dist/tex/latex/base/size12.clo
File: size12.clo 2023/05/17 v1.4n Standard LaTeX file (size option)
)
\c@part=\count187
\c@chapter=\count188
\c@section=\count189
\c@subsection=\count190
\c@subsubsection=\count191
\c@paragraph=\count192
\c@subparagraph=\count193
\c@figure=\count194
\c@table=\count195
\abovecaptionskip=\skip48
\belowcaptionskip=\skip49
\bibindent=\dimen140
) (/usr/share/texlive/texmf-dist/tex/latex/base/inputenc.sty
Package: inputenc 2021/02/14 v1.3d Input encoding file
\inpenc@prehook=\toks17
\inpenc@posthook=\toks18
) (/usr/share/texlive/texmf-dist/tex/latex/base/fontenc.sty
Package: fontenc 2021/04/29 v2.0v Standard LaTeX package
) (/usr/share/texlive/texmf-dist/tex/latex/setspace/setspace.sty
Package: setspace 2022/12/04 v6.7b set line spacing
) (/usr/share/texlive/texmf-dist/tex/latex/geometry/geometry.sty
Package: geometry 2020/01/02 v5.9 Page Geometry
 (/usr/share/texlive/texmf-dist/tex/latex/graphics/keyval.sty
Package: keyval 2022/05/29 v1.15 key=value parser (DPC)
\KV@toks@=\toks19
) (/usr/share/texlive/texmf-dist/tex/generic/iftex/ifvtex.sty
Package: ifvtex 2019/10/25 v1.7 ifvtex legacy package. Use iftex instead.
 (/usr/share/texlive/texmf-dist/tex/generic/iftex/iftex.sty
Package: iftex 2022/02/03 v1.0f TeX engine tests
))
\Gm@cnth=\count196
\Gm@cntv=\count197
\c@Gm@tempcnt=\count198
\Gm@bindingoffset=\dimen141
\Gm@wd@mp=\dimen142
\Gm@odd@mp=\dimen143
\Gm@even@mp=\dimen144
\Gm@layoutwidth=\dimen145
\Gm@layoutheight=\dimen146
\Gm@layouthoffset=\dimen147
\Gm@layoutvoffset=\dimen148
\Gm@dimlist=\toks20
) (/usr/share/texlive/texmf-dist/tex/latex/graphics/graphicx.sty
Package: graphicx 2021/09/16 v1.2d Enhanced LaTeX Graphics (DPC,SPQR)
 (/usr/share/texlive/texmf-dist/tex/latex/graphics/graphics.sty
Package: graphics 2022/03/10 v1.4e Standard LaTeX Graphics (DPC,SPQR)
 (/usr/share/texlive/texmf-dist/tex/latex/graphics/trig.sty
Package: trig 2021/08/11 v1.11 sin cos tan (DPC)
) (/usr/share/texlive/texmf-dist/tex/latex/graphics-cfg/graphics.cfg
File: graphics.cfg 2016/06/04 v1.11 sample graphics configuration
)
Package graphics Info: Driver file: pdftex.def on input line 107.
 (/usr/share/texlive/texmf-dist/tex/latex/graphics-def/pdftex.def
File: pdftex.def 2022/09/22 v1.2b Graphics/color driver for pdftex
))
\Gin@req@height=\dimen149
\Gin@req@width=\dimen150
) (/usr/share/texlive/texmf-dist/tex/latex/float/float.sty
Package: float 2001/11/08 v1.3d Float enhancements (AL)
\c@float@type=\count199
\float@exts=\toks21
\float@box=\box51
\@float@everytoks=\toks22
\@floatcapt=\box52
) (/usr/share/texlive/texmf-dist/tex/generic/babel/babel.sty
Package: babel 2024/01/07 v24.1 The Babel package
\babel@savecnt=\count266
\U@D=\dimen151
\l@unhyphenated=\language39
 (/usr/share/texlive/texmf-dist/tex/generic/babel/txtbabel.def)
\bbl@readstream=\read2
\bbl@dirlevel=\count267
 (/usr/share/texlive/texmf-dist/tex/generic/babel-english/english.ldf
Language: english 2017/06/06 v3.3r English support from the babel system
Package babel Info: Hyphen rules for 'canadian' set to \l@english
(babel)             (\language0). Reported on input line 102.
Package babel Info: Hyphen rules for 'australian' set to \l@ukenglish
(babel)             (\language26). Reported on input line 105.
Package babel Info: Hyphen rules for 'newzealand' set to \l@ukenglish
(babel)             (\language26). Reported on input line 108.
)) (/usr/share/texlive/texmf-dist/tex/generic/babel/locale/en/babel-english.tex
Package babel Info: Importing font and identification data for english
(babel)             from babel-en.ini. Reported on input line 11.
) (/usr/share/texlive/texmf-dist/tex/latex/epigraph/epigraph.sty
Package: epigraph 2020/01/02 v1.5e typesetting epigraphs
 (/usr/share/texlive/texmf-dist/tex/latex/nextpage/nextpage.sty
Package: nextpage 2009/09/03 v1.1a additional page commands
)
\beforeepigraphskip=\skip50
\afterepigraphskip=\skip51
\epigraphwidth=\skip52
\epigraphrule=\skip53
) (/usr/share/texlive/texmf-dist/tex/latex/blindtext/blindtext.sty
Package: blindtext 2012/01/06 V2.0 blindtext-Package
 (/usr/share/texlive/texmf-dist/tex/latex/tools/xspace.sty
Package: xspace 2014/10/28 v1.13 Space after command names (DPC,MH)
)
\c@blindtext=\count268
\c@Blindtext=\count269
\c@blind@countparstart=\count270
\blind@countxx=\count271
\blindtext@numBlindtext=\count272
\blind@countyy=\count273
\c@blindlist=\count274
\c@blindlistlevel=\count275
\c@blindlist@level=\count276
\blind@listitem=\count277
\c@blind@listcount=\count278
\c@blind@levelcount=\count279
\blind@mathformula=\count280
\blind@Mathformula=\count281
\c@blind@randomcount=\count282
\c@blind@randommax=\count283
\c@blind@pangramcount=\count284
\c@blind@pangrammax=\count285
) (/usr/share/texlive/texmf-dist/tex/latex/titlesec/titlesec.sty
Package: titlesec 2023/10/27 v2.16 Sectioning titles
\ttl@box=\box53
\beforetitleunit=\skip54
\aftertitleunit=\skip55
\ttl@plus=\dimen152
\ttl@minus=\dimen153
\ttl@toksa=\toks23
\titlewidth=\dimen154
\titlewidthlast=\dimen155
\titlewidthfirst=\dimen156
) (/usr/share/texlive/texmf-dist/tex/latex/ragged2e/ragged2e.sty
Package: ragged2e 2023/06/22 v3.6 ragged2e Package
\CenteringLeftskip=\skip56
\RaggedLeftLeftskip=\skip57
\RaggedRightLeftskip=\skip58
\CenteringRightskip=\skip59
\RaggedLeftRightskip=\skip60
\RaggedRightRightskip=\skip61
\CenteringParfillskip=\skip62
\RaggedLeftParfillskip=\skip63
\RaggedRightParfillskip=\skip64
\JustifyingParfillskip=\skip65
\CenteringParindent=\skip66
\RaggedLeftParindent=\skip67
\RaggedRightParindent=\skip68
\JustifyingParindent=\skip69
) (/usr/share/texlive/texmf-dist/tex/latex/l3backend/l3backend-pdftex.def
File: l3backend-pdftex.def 2024-01-04 L3 backend support: PDF output (pdfTeX)
\l__color_backend_stack_int=\count286
\l__pdf_internal_box=\box54
) (./main.aux)
\openout1 = `main.aux'.

LaTeX Font Info:    Checking defaults for OML/cmm/m/it on input line 42.
LaTeX Font Info:    ... okay on input line 42.
LaTeX Font Info:    Checking defaults for OMS/cmsy/m/n on input line 42.
LaTeX Font Info:    ... okay on input line 42.
LaTeX Font Info:    Checking defaults for OT1/cmr/m/n on input line 42.
LaTeX Font Info:    ... okay on input line 42.
LaTeX Font Info:    Checking defaults for T1/cmr/m/n on input line 42.
LaTeX Font Info:    ... okay on input line 42.
LaTeX Font Info:    Checking defaults for TS1/cmr/m/n on input line 42.
LaTeX Font Info:    ... okay on input line 42.
LaTeX Font Info:    Checking defaults for OMX/cmex/m/n on input line 42.
LaTeX Font Info:    ... okay on input line 42.
LaTeX Font Info:    Checking defaults for U/cmr/m/n on input line 42.
LaTeX Font Info:    ... okay on input line 42.

*geometry* driver: auto-detecting
*geometry* detected driver: pdftex
*geometry* verbose mode - [ preamble ] result:
* driver: pdftex
* paper: a4paper
* layout: <same size as paper>
* layoutoffset:(h,v)=(0.0pt,0.0pt)
* modes: twoside 
* h-part:(L,W,R)=(85.35826pt, 426.79135pt, 85.35826pt)
* v-part:(T,H,B)=(71.13188pt, 702.78308pt, 71.13188pt)
* \paperwidth=597.50787pt
* \paperheight=845.04684pt
* \textwidth=426.79135pt
* \textheight=702.78308pt
* \oddsidemargin=13.08827pt
* \evensidemargin=13.08827pt
* \topmargin=-38.1381pt
* \headheight=12.0pt
* \headsep=25.0pt
* \topskip=12.0pt
* \footskip=30.0pt
* \marginparwidth=85.0pt
* \marginparsep=10.0pt
* \columnsep=10.0pt
* \skip\footins=10.8pt plus 4.0pt minus 2.0pt
* \hoffset=0.0pt
* \voffset=0.0pt
* \mag=1000
* \@twocolumnfalse
* \@twosidetrue
* \@mparswitchtrue
* \@reversemarginfalse
* (1in=72.27pt=25.4mm, 1cm=28.453pt)

(/usr/share/texlive/texmf-dist/tex/context/base/mkii/supp-pdf.mkii
[Loading MPS to PDF converter (version 2006.09.02).]
\scratchcounter=\count287
\scratchdimen=\dimen157
\scratchbox=\box55
\nofMPsegments=\count288
\nofMParguments=\count289
\everyMPshowfont=\toks24
\MPscratchCnt=\count290
\MPscratchDim=\dimen158
\MPnumerator=\count291
\makeMPintoPDFobject=\count292
\everyMPtoPDFconversion=\toks25
) (/usr/share/texlive/texmf-dist/tex/latex/epstopdf-pkg/epstopdf-base.sty
Package: epstopdf-base 2020-01-24 v2.11 Base part for package epstopdf
Package epstopdf-base Info: Redefining graphics rule for `.eps' on input line 485.
 (/usr/share/texlive/texmf-dist/tex/latex/latexconfig/epstopdf-sys.cfg
File: epstopdf-sys.cfg 2010/07/13 v1.3 Configuration of (r)epstopdf for TeX Live
)) [1

{/var/lib/texmf/fonts/map/pdftex/updmap/pdftex.map}] (./main.toc
LaTeX Font Info:    External font `cmex10' loaded for size
(Font)              <12> on input line 3.
LaTeX Font Info:    External font `cmex10' loaded for size
(Font)              <8> on input line 3.
LaTeX Font Info:    External font `cmex10' loaded for size
(Font)              <6> on input line 3.
)
\tf@toc=\write3
\openout3 = `main.toc'.

 [1


]
LaTeX Font Info:    External font `cmex10' loaded for size
(Font)              <10.95> on input line 104.
 [2] [3] [4]
Underfull \vbox (badness 10000) has occurred while \output is active []

 [5] [6] [7]
LaTeX Font Info:    External font `cmex10' loaded for size
(Font)              <7> on input line 238.
LaTeX Font Info:    External font `cmex10' loaded for size
(Font)              <5> on input line 238.
<./graphics/frame.png, id=37, 301.125pt x 301.125pt>
File: ./graphics/frame.png Graphic file (type png)
<use ./graphics/frame.png>
Package pdftex.def Info: ./graphics/frame.png  used on input line 238.
(pdftex.def)             Requested size: 85.35744pt x 85.35826pt.
 [8 <./graphics/frame.png>]
<./graphics/rain.jpg, id=47, 511.9125pt x 357.335pt>
File: ./graphics/rain.jpg Graphic file (type jpg)
<use ./graphics/rain.jpg>
Package pdftex.def Info: ./graphics/rain.jpg  used on input line 257.
(pdftex.def)             Requested size: 341.43437pt x 238.3336pt.
<./graphics/specto.png, id=48, 1444.39626pt x 580.1675pt>
File: ./graphics/specto.png Graphic file (type png)
<use ./graphics/specto.png>
Package pdftex.def Info: ./graphics/specto.png  used on input line 271.
(pdftex.def)             Requested size: 341.43437pt x 137.13611pt.
 [9 <./graphics/rain.jpg>]
<./graphics/unnamed.png, id=52, 1606.0pt x 903.375pt>
File: ./graphics/unnamed.png Graphic file (type png)
<use ./graphics/unnamed.png>
Package pdftex.def Info: ./graphics/unnamed.png  used on input line 286.
(pdftex.def)             Requested size: 341.43437pt x 192.0577pt.
 [10 <./graphics/specto.png> <./graphics/unnamed.png>]
<./graphics/snake.jpeg, id=57, 2055.68pt x 1370.11874pt>
File: ./graphics/snake.jpeg Graphic file (type jpg)
<use ./graphics/snake.jpeg>
Package pdftex.def Info: ./graphics/snake.jpeg  used on input line 299.
(pdftex.def)             Requested size: 341.43437pt x 227.5651pt.
 [11 <./graphics/snake.jpeg>]
<./graphics/codigo.png, id=61, 1927.2pt x 1084.05pt>
File: ./graphics/codigo.png Graphic file (type png)
<use ./graphics/codigo.png>
Package pdftex.def Info: ./graphics/codigo.png  used on input line 315.
(pdftex.def)             Requested size: 341.43437pt x 192.0439pt.

Overfull \hbox (3.56697pt too wide) in paragraph at lines 327--329
\T1/cmr/m/n/12 The 'from scratch' ap-proach is play-ful and em-braces er-ror. There is no pre-established
 []

[12 <./graphics/codigo.png>]
<./graphics/TOPLAP Solstice Stream December 2024 - CAT__DOG (SULE + GORKA) - 2024-12-21 22_45 - YouTube - Brave 24_07_2025 14_41_43.png, id=67, 1927.2pt x 1084.05pt>
File: ./graphics/TOPLAP Solstice Stream December 2024 - CAT__DOG (SULE + GORKA) - 2024-12-21 22_45 - YouTube - Brave 24_07_2025 14_41_43.png Graphic file (type png)
<use ./graphics/TOPLAP Solstice Stream December 2024 - CAT__DOG (SULE + GORKA) - 2024-12-21 22_45 - YouTube - Brave 24_07_2025 14_41_43.png>
Package pdftex.def Info: ./graphics/TOPLAP Solstice Stream December 2024 - CAT__DOG (SULE + GORKA) - 2024-12-21 22_45 - YouTube - Brave 24_07_2025 14_41_43.png  used on input line 345.
(pdftex.def)             Requested size: 341.43437pt x 192.0439pt.
 [13 <./graphics/TOPLAP Solstice Stream December 2024 - CAT__DOG (SULE + GORKA) - 2024-12-21 22_45 - YouTube - Brave 24_07_2025 14_41_43.png>]
<./graphics/Amro-2024-DayThree-sule-MART_DSF7282-small (1).png, id=72, 421.575pt x 280.94963pt>
File: ./graphics/Amro-2024-DayThree-sule-MART_DSF7282-small (1).png Graphic file (type png)
<use ./graphics/Amro-2024-DayThree-sule-MART_DSF7282-small (1).png>
Package pdftex.def Info: ./graphics/Amro-2024-DayThree-sule-MART_DSF7282-small (1).png  used on input line 369.
(pdftex.def)             Requested size: 341.43437pt x 227.54652pt.
 [14 <./graphics/Amro-2024-DayThree-sule-MART_DSF7282-small (1).png>]
<./graphics/amCode.png, id=76, 1927.2pt x 1004.75375pt>
File: ./graphics/amCode.png Graphic file (type png)
<use ./graphics/amCode.png>
Package pdftex.def Info: ./graphics/amCode.png  used on input line 385.
(pdftex.def)             Requested size: 341.43437pt x 177.99625pt.
 [15 <./graphics/amCode.png>] [16]
<./graphics/HYDRA.png, id=84, 597.60106pt x 845.26315pt>
File: ./graphics/HYDRA.png Graphic file (type png)
<use ./graphics/HYDRA.png>
Package pdftex.def Info: ./graphics/HYDRA.png  used on input line 424.
(pdftex.def)             Requested size: 170.71393pt x 241.45709pt.
 [17 <./graphics/HYDRA.png>]
<./graphics/TOPLAP.jpeg, id=89, 1204.5pt x 1606.0pt>
File: ./graphics/TOPLAP.jpeg Graphic file (type jpg)
<use ./graphics/TOPLAP.jpeg>
Package pdftex.def Info: ./graphics/TOPLAP.jpeg  used on input line 440.
(pdftex.def)             Requested size: 170.71393pt x 227.60759pt.
 [18 <./graphics/TOPLAP.jpeg>]
<./graphics/cheatsheet (1)_page-0001.jpg, id=94, 845.559pt x 598.3956pt>
File: ./graphics/cheatsheet (1)_page-0001.jpg Graphic file (type jpg)
<use ./graphics/cheatsheet (1)_page-0001.jpg>
Package pdftex.def Info: ./graphics/cheatsheet (1)_page-0001.jpg  used on input line 458.
(pdftex.def)             Requested size: 384.1096pt x 271.83214pt.
<./graphics/rave.jpg, id=95, 602.25pt x 401.24907pt>
File: ./graphics/rave.jpg Graphic file (type jpg)
<use ./graphics/rave.jpg>
Package pdftex.def Info: ./graphics/rave.jpg  used on input line 470.
(pdftex.def)             Requested size: 341.43437pt x 227.48982pt.
 [19 <./graphics/cheatsheet (1)_page-0001.jpg>] [20 <./graphics/rave.jpg>]
<miau.png, id=102, 1440.88312pt x 648.92438pt>
File: miau.png Graphic file (type png)
<use miau.png>
Package pdftex.def Info: miau.png  used on input line 504.
(pdftex.def)             Requested size: 341.43437pt x 153.76468pt.
 [21 <./miau.png (PNG copy)>] [22] [23] [24] (./main.bbl) [25

] (./main.aux)
 ***********
LaTeX2e <2023-11-01> patch level 1
L3 programming layer <2024-01-22>
 ***********
 ) 
Here is how much of TeX's memory you used:
 4144 strings out of 475468
 70191 string characters out of 5775649
 1931975 words of memory out of 5000000
 26149 multiletter control sequences out of 15000+600000
 573695 words of font info for 64 fonts, out of 8000000 for 9000
 417 hyphenation exceptions out of 8191
 57i,8n,65p,820b,307s stack positions out of 10000i,1000n,20000p,200000b,200000s
 </home/mint/.texlive2023/texmf-var/fonts/pk/ljfour/jknappen/ec/ecti1200.600pk> </home/mint/.texlive2023/texmf-var/fonts/pk/ljfour/jknappen/ec/ecrm1000.600pk> </home/mint/.texlive2023/texmf-var/fonts/pk/ljfour/jknappen/ec/ecrm0700.600pk> </home/mint/.texlive2023/texmf-var/fonts/pk/ljfour/jknappen/ec/ecrm0800.600pk> </home/mint/.texlive2023/texmf-var/fonts/pk/ljfour/jknappen/ec/ecbx1440.600pk> </home/mint/.texlive2023/texmf-var/fonts/pk/ljfour/jknappen/ec/ecbx1200.600pk> </home/mint/.texlive2023/texmf-var/fonts/pk/ljfour/jknappen/ec/eccc1095.600pk> </home/mint/.texlive2023/texmf-var/fonts/pk/ljfour/jknappen/ec/ecti1095.600pk> </home/mint/.texlive2023/texmf-var/fonts/pk/ljfour/jknappen/ec/ecrm1200.600pk> </home/mint/.texlive2023/texmf-var/fonts/pk/ljfour/jknappen/ec/ecti1440.600pk> </home/mint/.texlive2023/texmf-var/fonts/pk/ljfour/jknappen/ec/ecbx2488.600pk> </home/mint/.texlive2023/texmf-var/fonts/pk/ljfour/jknappen/ec/ecrm1440.600pk> </home/mint/.texlive2023/texmf-var/fonts/pk/ljfour/jknappen/ec/ecrm1728.600pk> </home/mint/.texlive2023/texmf-var/fonts/pk/ljfour/jknappen/ec/ecbx1728.600pk>
Output written on main.pdf (26 pages, 19731832 bytes).
PDF statistics:
 523 PDF objects out of 1000 (max. 8388607)
 116 compressed objects within 2 object streams
 0 named destinations out of 1000 (max. 500000)
 71 words of extra memory for PDF output out of 10000 (max. 10000000)

